<?xml version="1.0" encoding="UTF-8"?>
<!-- Generated by org.testng.reporters.JUnitXMLReporter -->
<testsuite ignored="2" hostname="DESKTOP-CHAEDL9" failures="0" tests="2" name="Test" time="45.516" errors="0" timestamp="2022-01-01T23:09:24 IST">
  <testcase classname="testClasses.TestKiteApp" name="validationOfUserID" time="5.844"/>
  <testcase classname="testClasses.TestKiteApp1" name="validationOfErrorMsg" time="0.422"/>
  <testcase classname="base.Base" name="@BeforeTest beforeTest" time="0.0">
    <ignored/>
  </testcase> <!-- @BeforeTest beforeTest -->
  <testcase classname="base.Base" name="@AfterTest AfterTest" time="0.0">
    <ignored/>
  </testcase> <!-- @AfterTest AfterTest -->
</testsuite> <!-- Test -->
